2016-01-19T13:18:47.043Z - error: uncaughtException: Unexpected token { date=Tue Jan 19 2016 18:48:47 GMT+0530 (India Standard Time), pid=4188, uid=null, gid=null, cwd=d:\dev\sputnik, execPath=C:\Program Files\nodejs\node.exe, version=v4.2.4, argv=[C:\Program Files\nodejs\node.exe, d:\dev\sputnik\builder.js, hr92u013], rss=46759936, heapTotal=31168848, heapUsed=14593872, loadavg=[0, 0, 0], uptime=278837.5046966, trace=[column=16, file=vm.js, function=exports.runInThisContext, line=53, method=runInThisContext, native=false, column=25, file=module.js, function=Module._compile, line=414, method=_compile, native=false, column=10, file=module.js, function=Object.Module._extensions..js, line=442, method=Module._extensions..js, native=false, column=32, file=module.js, function=Module.load, line=356, method=load, native=false, column=12, file=module.js, function=Function.Module._load, line=313, method=Module._load, native=false, column=17, file=module.js, function=Module.require, line=366, method=require, native=false, column=17, file=module.js, function=require, line=385, method=null, native=false, column=21, file=d:\dev\sputnik\builder.js, function=, line=69, method=null, native=false, column=26, file=module.js, function=Module._compile, line=435, method=_compile, native=false, column=10, file=module.js, function=Object.Module._extensions..js, line=442, method=Module._extensions..js, native=false, column=32, file=module.js, function=Module.load, line=356, method=load, native=false, column=12, file=module.js, function=Function.Module._load, line=313, method=Module._load, native=false, column=10, file=module.js, function=Function.Module.runMain, line=467, method=Module.runMain, native=false, column=18, file=node.js, function=startup, line=136, method=null, native=false, column=3, file=node.js, function=null, line=963, method=null, native=false], stack=[SyntaxError: Unexpected token {,     at exports.runInThisContext (vm.js:53:16),     at Module._compile (module.js:414:25),     at Object.Module._extensions..js (module.js:442:10),     at Module.load (module.js:356:32),     at Function.Module._load (module.js:313:12),     at Module.require (module.js:366:17),     at require (module.js:385:17),     at Object.<anonymous> (d:\dev\sputnik\builder.js:69:21),     at Module._compile (module.js:435:26),     at Object.Module._extensions..js (module.js:442:10),     at Module.load (module.js:356:32),     at Function.Module._load (module.js:313:12),     at Function.Module.runMain (module.js:467:10),     at startup (node.js:136:18),     at node.js:963:3]
2016-01-19T13:19:09.940Z - error: uncaughtException: Unexpected token { date=Tue Jan 19 2016 18:49:09 GMT+0530 (India Standard Time), pid=2036, uid=null, gid=null, cwd=d:\dev\sputnik, execPath=C:\Program Files\nodejs\node.exe, version=v4.2.4, argv=[C:\Program Files\nodejs\node.exe, d:\dev\sputnik\builder.js, hr92u013], rss=46841856, heapTotal=31168848, heapUsed=14560248, loadavg=[0, 0, 0], uptime=278860.3755446, trace=[column=16, file=vm.js, function=exports.runInThisContext, line=53, method=runInThisContext, native=false, column=25, file=module.js, function=Module._compile, line=414, method=_compile, native=false, column=10, file=module.js, function=Object.Module._extensions..js, line=442, method=Module._extensions..js, native=false, column=32, file=module.js, function=Module.load, line=356, method=load, native=false, column=12, file=module.js, function=Function.Module._load, line=313, method=Module._load, native=false, column=17, file=module.js, function=Module.require, line=366, method=require, native=false, column=17, file=module.js, function=require, line=385, method=null, native=false, column=21, file=d:\dev\sputnik\builder.js, function=, line=69, method=null, native=false, column=26, file=module.js, function=Module._compile, line=435, method=_compile, native=false, column=10, file=module.js, function=Object.Module._extensions..js, line=442, method=Module._extensions..js, native=false, column=32, file=module.js, function=Module.load, line=356, method=load, native=false, column=12, file=module.js, function=Function.Module._load, line=313, method=Module._load, native=false, column=10, file=module.js, function=Function.Module.runMain, line=467, method=Module.runMain, native=false, column=18, file=node.js, function=startup, line=136, method=null, native=false, column=3, file=node.js, function=null, line=963, method=null, native=false], stack=[SyntaxError: Unexpected token {,     at exports.runInThisContext (vm.js:53:16),     at Module._compile (module.js:414:25),     at Object.Module._extensions..js (module.js:442:10),     at Module.load (module.js:356:32),     at Function.Module._load (module.js:313:12),     at Module.require (module.js:366:17),     at require (module.js:385:17),     at Object.<anonymous> (d:\dev\sputnik\builder.js:69:21),     at Module._compile (module.js:435:26),     at Object.Module._extensions..js (module.js:442:10),     at Module.load (module.js:356:32),     at Function.Module._load (module.js:313:12),     at Function.Module.runMain (module.js:467:10),     at startup (node.js:136:18),     at node.js:963:3]
2016-01-19T13:20:47.241Z - error: uncaughtException: Unexpected token { date=Tue Jan 19 2016 18:50:47 GMT+0530 (India Standard Time), pid=7224, uid=null, gid=null, cwd=d:\dev\sputnik, execPath=C:\Program Files\nodejs\node.exe, version=v4.2.4, argv=[C:\Program Files\nodejs\node.exe, d:\dev\sputnik\builder.js, hr92u013], rss=45830144, heapTotal=31168848, heapUsed=15920928, loadavg=[0, 0, 0], uptime=278957.6411702, trace=[column=16, file=vm.js, function=exports.runInThisContext, line=53, method=runInThisContext, native=false, column=25, file=module.js, function=Module._compile, line=414, method=_compile, native=false, column=10, file=module.js, function=Object.Module._extensions..js, line=442, method=Module._extensions..js, native=false, column=32, file=module.js, function=Module.load, line=356, method=load, native=false, column=12, file=module.js, function=Function.Module._load, line=313, method=Module._load, native=false, column=17, file=module.js, function=Module.require, line=366, method=require, native=false, column=17, file=module.js, function=require, line=385, method=null, native=false, column=21, file=d:\dev\sputnik\builder.js, function=, line=69, method=null, native=false, column=26, file=module.js, function=Module._compile, line=435, method=_compile, native=false, column=10, file=module.js, function=Object.Module._extensions..js, line=442, method=Module._extensions..js, native=false, column=32, file=module.js, function=Module.load, line=356, method=load, native=false, column=12, file=module.js, function=Function.Module._load, line=313, method=Module._load, native=false, column=10, file=module.js, function=Function.Module.runMain, line=467, method=Module.runMain, native=false, column=18, file=node.js, function=startup, line=136, method=null, native=false, column=3, file=node.js, function=null, line=963, method=null, native=false], stack=[SyntaxError: Unexpected token {,     at exports.runInThisContext (vm.js:53:16),     at Module._compile (module.js:414:25),     at Object.Module._extensions..js (module.js:442:10),     at Module.load (module.js:356:32),     at Function.Module._load (module.js:313:12),     at Module.require (module.js:366:17),     at require (module.js:385:17),     at Object.<anonymous> (d:\dev\sputnik\builder.js:69:21),     at Module._compile (module.js:435:26),     at Object.Module._extensions..js (module.js:442:10),     at Module.load (module.js:356:32),     at Function.Module._load (module.js:313:12),     at Function.Module.runMain (module.js:467:10),     at startup (node.js:136:18),     at node.js:963:3]
2016-01-19T13:23:15.112Z - error: uncaughtException: Unexpected token { date=Tue Jan 19 2016 18:53:15 GMT+0530 (India Standard Time), pid=6200, uid=null, gid=null, cwd=d:\dev\sputnik, execPath=C:\Program Files\nodejs\node.exe, version=v4.2.4, argv=[C:\Program Files\nodejs\node.exe, d:\dev\sputnik\builder.js, hr92u013], rss=45932544, heapTotal=31168848, heapUsed=15917416, loadavg=[0, 0, 0], uptime=279105.5276487, trace=[column=16, file=vm.js, function=exports.runInThisContext, line=53, method=runInThisContext, native=false, column=25, file=module.js, function=Module._compile, line=414, method=_compile, native=false, column=10, file=module.js, function=Object.Module._extensions..js, line=442, method=Module._extensions..js, native=false, column=32, file=module.js, function=Module.load, line=356, method=load, native=false, column=12, file=module.js, function=Function.Module._load, line=313, method=Module._load, native=false, column=17, file=module.js, function=Module.require, line=366, method=require, native=false, column=17, file=module.js, function=require, line=385, method=null, native=false, column=21, file=d:\dev\sputnik\builder.js, function=, line=69, method=null, native=false, column=26, file=module.js, function=Module._compile, line=435, method=_compile, native=false, column=10, file=module.js, function=Object.Module._extensions..js, line=442, method=Module._extensions..js, native=false, column=32, file=module.js, function=Module.load, line=356, method=load, native=false, column=12, file=module.js, function=Function.Module._load, line=313, method=Module._load, native=false, column=10, file=module.js, function=Function.Module.runMain, line=467, method=Module.runMain, native=false, column=18, file=node.js, function=startup, line=136, method=null, native=false, column=3, file=node.js, function=null, line=963, method=null, native=false], stack=[SyntaxError: Unexpected token {,     at exports.runInThisContext (vm.js:53:16),     at Module._compile (module.js:414:25),     at Object.Module._extensions..js (module.js:442:10),     at Module.load (module.js:356:32),     at Function.Module._load (module.js:313:12),     at Module.require (module.js:366:17),     at require (module.js:385:17),     at Object.<anonymous> (d:\dev\sputnik\builder.js:69:21),     at Module._compile (module.js:435:26),     at Object.Module._extensions..js (module.js:442:10),     at Module.load (module.js:356:32),     at Function.Module._load (module.js:313:12),     at Function.Module.runMain (module.js:467:10),     at startup (node.js:136:18),     at node.js:963:3]
2016-01-19T13:23:57.431Z - error: uncaughtException: Unexpected token { date=Tue Jan 19 2016 18:53:57 GMT+0530 (India Standard Time), pid=796, uid=null, gid=null, cwd=d:\dev\sputnik, execPath=C:\Program Files\nodejs\node.exe, version=v4.2.4, argv=[C:\Program Files\nodejs\node.exe, d:\dev\sputnik\builder.js, hr92u013], rss=45817856, heapTotal=31168848, heapUsed=15073288, loadavg=[0, 0, 0], uptime=279147.8497402, trace=[column=16, file=vm.js, function=exports.runInThisContext, line=53, method=runInThisContext, native=false, column=25, file=module.js, function=Module._compile, line=414, method=_compile, native=false, column=10, file=module.js, function=Object.Module._extensions..js, line=442, method=Module._extensions..js, native=false, column=32, file=module.js, function=Module.load, line=356, method=load, native=false, column=12, file=module.js, function=Function.Module._load, line=313, method=Module._load, native=false, column=17, file=module.js, function=Module.require, line=366, method=require, native=false, column=17, file=module.js, function=require, line=385, method=null, native=false, column=21, file=d:\dev\sputnik\builder.js, function=, line=69, method=null, native=false, column=26, file=module.js, function=Module._compile, line=435, method=_compile, native=false, column=10, file=module.js, function=Object.Module._extensions..js, line=442, method=Module._extensions..js, native=false, column=32, file=module.js, function=Module.load, line=356, method=load, native=false, column=12, file=module.js, function=Function.Module._load, line=313, method=Module._load, native=false, column=10, file=module.js, function=Function.Module.runMain, line=467, method=Module.runMain, native=false, column=18, file=node.js, function=startup, line=136, method=null, native=false, column=3, file=node.js, function=null, line=963, method=null, native=false], stack=[SyntaxError: Unexpected token {,     at exports.runInThisContext (vm.js:53:16),     at Module._compile (module.js:414:25),     at Object.Module._extensions..js (module.js:442:10),     at Module.load (module.js:356:32),     at Function.Module._load (module.js:313:12),     at Module.require (module.js:366:17),     at require (module.js:385:17),     at Object.<anonymous> (d:\dev\sputnik\builder.js:69:21),     at Module._compile (module.js:435:26),     at Object.Module._extensions..js (module.js:442:10),     at Module.load (module.js:356:32),     at Function.Module._load (module.js:313:12),     at Function.Module.runMain (module.js:467:10),     at startup (node.js:136:18),     at node.js:963:3]
2016-01-19T13:25:21.013Z - error: uncaughtException: Unexpected token { date=Tue Jan 19 2016 18:55:20 GMT+0530 (India Standard Time), pid=6076, uid=null, gid=null, cwd=d:\dev\sputnik, execPath=C:\Program Files\nodejs\node.exe, version=v4.2.4, argv=[C:\Program Files\nodejs\node.exe, d:\dev\sputnik\builder.js, hr92u013], rss=45834240, heapTotal=31168848, heapUsed=15083800, loadavg=[0, 0, 0], uptime=279231.4285628, trace=[column=16, file=vm.js, function=exports.runInThisContext, line=53, method=runInThisContext, native=false, column=25, file=module.js, function=Module._compile, line=414, method=_compile, native=false, column=10, file=module.js, function=Object.Module._extensions..js, line=442, method=Module._extensions..js, native=false, column=32, file=module.js, function=Module.load, line=356, method=load, native=false, column=12, file=module.js, function=Function.Module._load, line=313, method=Module._load, native=false, column=17, file=module.js, function=Module.require, line=366, method=require, native=false, column=17, file=module.js, function=require, line=385, method=null, native=false, column=21, file=d:\dev\sputnik\builder.js, function=, line=69, method=null, native=false, column=26, file=module.js, function=Module._compile, line=435, method=_compile, native=false, column=10, file=module.js, function=Object.Module._extensions..js, line=442, method=Module._extensions..js, native=false, column=32, file=module.js, function=Module.load, line=356, method=load, native=false, column=12, file=module.js, function=Function.Module._load, line=313, method=Module._load, native=false, column=10, file=module.js, function=Function.Module.runMain, line=467, method=Module.runMain, native=false, column=18, file=node.js, function=startup, line=136, method=null, native=false, column=3, file=node.js, function=null, line=963, method=null, native=false], stack=[SyntaxError: Unexpected token {,     at exports.runInThisContext (vm.js:53:16),     at Module._compile (module.js:414:25),     at Object.Module._extensions..js (module.js:442:10),     at Module.load (module.js:356:32),     at Function.Module._load (module.js:313:12),     at Module.require (module.js:366:17),     at require (module.js:385:17),     at Object.<anonymous> (d:\dev\sputnik\builder.js:69:21),     at Module._compile (module.js:435:26),     at Object.Module._extensions..js (module.js:442:10),     at Module.load (module.js:356:32),     at Function.Module._load (module.js:313:12),     at Function.Module.runMain (module.js:467:10),     at startup (node.js:136:18),     at node.js:963:3]
2016-01-19T13:26:10.133Z - error: uncaughtException: Unexpected token { date=Tue Jan 19 2016 18:56:10 GMT+0530 (India Standard Time), pid=7804, uid=null, gid=null, cwd=d:\dev\sputnik, execPath=C:\Program Files\nodejs\node.exe, version=v4.2.4, argv=[C:\Program Files\nodejs\node.exe, d:\dev\sputnik\builder.js, hr92u013], rss=45731840, heapTotal=31168848, heapUsed=15080312, loadavg=[0, 0, 0], uptime=279280.5539377, trace=[column=16, file=vm.js, function=exports.runInThisContext, line=53, method=runInThisContext, native=false, column=25, file=module.js, function=Module._compile, line=414, method=_compile, native=false, column=10, file=module.js, function=Object.Module._extensions..js, line=442, method=Module._extensions..js, native=false, column=32, file=module.js, function=Module.load, line=356, method=load, native=false, column=12, file=module.js, function=Function.Module._load, line=313, method=Module._load, native=false, column=17, file=module.js, function=Module.require, line=366, method=require, native=false, column=17, file=module.js, function=require, line=385, method=null, native=false, column=21, file=d:\dev\sputnik\builder.js, function=, line=69, method=null, native=false, column=26, file=module.js, function=Module._compile, line=435, method=_compile, native=false, column=10, file=module.js, function=Object.Module._extensions..js, line=442, method=Module._extensions..js, native=false, column=32, file=module.js, function=Module.load, line=356, method=load, native=false, column=12, file=module.js, function=Function.Module._load, line=313, method=Module._load, native=false, column=10, file=module.js, function=Function.Module.runMain, line=467, method=Module.runMain, native=false, column=18, file=node.js, function=startup, line=136, method=null, native=false, column=3, file=node.js, function=null, line=963, method=null, native=false], stack=[SyntaxError: Unexpected token {,     at exports.runInThisContext (vm.js:53:16),     at Module._compile (module.js:414:25),     at Object.Module._extensions..js (module.js:442:10),     at Module.load (module.js:356:32),     at Function.Module._load (module.js:313:12),     at Module.require (module.js:366:17),     at require (module.js:385:17),     at Object.<anonymous> (d:\dev\sputnik\builder.js:69:21),     at Module._compile (module.js:435:26),     at Object.Module._extensions..js (module.js:442:10),     at Module.load (module.js:356:32),     at Function.Module._load (module.js:313:12),     at Function.Module.runMain (module.js:467:10),     at startup (node.js:136:18),     at node.js:963:3]
2016-01-19T13:27:11.799Z - error: uncaughtException: Unexpected token { date=Tue Jan 19 2016 18:57:11 GMT+0530 (India Standard Time), pid=7120, uid=null, gid=null, cwd=d:\dev\sputnik, execPath=C:\Program Files\nodejs\node.exe, version=v4.2.4, argv=[C:\Program Files\nodejs\node.exe, d:\dev\sputnik\builder.js, hr92u013], rss=46514176, heapTotal=32200784, heapUsed=15083072, loadavg=[0, 0, 0], uptime=279342.2181024, trace=[column=16, file=vm.js, function=exports.runInThisContext, line=53, method=runInThisContext, native=false, column=25, file=module.js, function=Module._compile, line=414, method=_compile, native=false, column=10, file=module.js, function=Object.Module._extensions..js, line=442, method=Module._extensions..js, native=false, column=32, file=module.js, function=Module.load, line=356, method=load, native=false, column=12, file=module.js, function=Function.Module._load, line=313, method=Module._load, native=false, column=17, file=module.js, function=Module.require, line=366, method=require, native=false, column=17, file=module.js, function=require, line=385, method=null, native=false, column=21, file=d:\dev\sputnik\builder.js, function=, line=69, method=null, native=false, column=26, file=module.js, function=Module._compile, line=435, method=_compile, native=false, column=10, file=module.js, function=Object.Module._extensions..js, line=442, method=Module._extensions..js, native=false, column=32, file=module.js, function=Module.load, line=356, method=load, native=false, column=12, file=module.js, function=Function.Module._load, line=313, method=Module._load, native=false, column=10, file=module.js, function=Function.Module.runMain, line=467, method=Module.runMain, native=false, column=18, file=node.js, function=startup, line=136, method=null, native=false, column=3, file=node.js, function=null, line=963, method=null, native=false], stack=[SyntaxError: Unexpected token {,     at exports.runInThisContext (vm.js:53:16),     at Module._compile (module.js:414:25),     at Object.Module._extensions..js (module.js:442:10),     at Module.load (module.js:356:32),     at Function.Module._load (module.js:313:12),     at Module.require (module.js:366:17),     at require (module.js:385:17),     at Object.<anonymous> (d:\dev\sputnik\builder.js:69:21),     at Module._compile (module.js:435:26),     at Object.Module._extensions..js (module.js:442:10),     at Module.load (module.js:356:32),     at Function.Module._load (module.js:313:12),     at Function.Module.runMain (module.js:467:10),     at startup (node.js:136:18),     at node.js:963:3]
2016-01-19T13:27:38.543Z - error: uncaughtException: Unexpected token { date=Tue Jan 19 2016 18:57:38 GMT+0530 (India Standard Time), pid=2036, uid=null, gid=null, cwd=d:\dev\sputnik, execPath=C:\Program Files\nodejs\node.exe, version=v4.2.4, argv=[C:\Program Files\nodejs\node.exe, d:\dev\sputnik\builder.js], rss=46292992, heapTotal=32200784, heapUsed=15062576, loadavg=[0, 0, 0], uptime=279368.9927464, trace=[column=16, file=vm.js, function=exports.runInThisContext, line=53, method=runInThisContext, native=false, column=25, file=module.js, function=Module._compile, line=414, method=_compile, native=false, column=10, file=module.js, function=Object.Module._extensions..js, line=442, method=Module._extensions..js, native=false, column=32, file=module.js, function=Module.load, line=356, method=load, native=false, column=12, file=module.js, function=Function.Module._load, line=313, method=Module._load, native=false, column=17, file=module.js, function=Module.require, line=366, method=require, native=false, column=17, file=module.js, function=require, line=385, method=null, native=false, column=21, file=d:\dev\sputnik\builder.js, function=, line=69, method=null, native=false, column=26, file=module.js, function=Module._compile, line=435, method=_compile, native=false, column=10, file=module.js, function=Object.Module._extensions..js, line=442, method=Module._extensions..js, native=false, column=32, file=module.js, function=Module.load, line=356, method=load, native=false, column=12, file=module.js, function=Function.Module._load, line=313, method=Module._load, native=false, column=10, file=module.js, function=Function.Module.runMain, line=467, method=Module.runMain, native=false, column=18, file=node.js, function=startup, line=136, method=null, native=false, column=3, file=node.js, function=null, line=963, method=null, native=false], stack=[SyntaxError: Unexpected token {,     at exports.runInThisContext (vm.js:53:16),     at Module._compile (module.js:414:25),     at Object.Module._extensions..js (module.js:442:10),     at Module.load (module.js:356:32),     at Function.Module._load (module.js:313:12),     at Module.require (module.js:366:17),     at require (module.js:385:17),     at Object.<anonymous> (d:\dev\sputnik\builder.js:69:21),     at Module._compile (module.js:435:26),     at Object.Module._extensions..js (module.js:442:10),     at Module.load (module.js:356:32),     at Function.Module._load (module.js:313:12),     at Function.Module.runMain (module.js:467:10),     at startup (node.js:136:18),     at node.js:963:3]
2016-01-19T13:30:58.429Z - error: uncaughtException: Unexpected identifier date=Tue Jan 19 2016 19:00:58 GMT+0530 (India Standard Time), pid=3540, uid=null, gid=null, cwd=d:\dev\sputnik, execPath=C:\Program Files\nodejs\node.exe, version=v4.2.4, argv=[C:\Program Files\nodejs\node.exe, d:\dev\sputnik\builder.js, hr92u013], rss=46321664, heapTotal=32200784, heapUsed=15078240, loadavg=[0, 0, 0], uptime=279568.877127, trace=[column=16, file=vm.js, function=exports.runInThisContext, line=53, method=runInThisContext, native=false, column=25, file=module.js, function=Module._compile, line=414, method=_compile, native=false, column=10, file=module.js, function=Object.Module._extensions..js, line=442, method=Module._extensions..js, native=false, column=32, file=module.js, function=Module.load, line=356, method=load, native=false, column=12, file=module.js, function=Function.Module._load, line=313, method=Module._load, native=false, column=17, file=module.js, function=Module.require, line=366, method=require, native=false, column=17, file=module.js, function=require, line=385, method=null, native=false, column=21, file=d:\dev\sputnik\builder.js, function=, line=69, method=null, native=false, column=26, file=module.js, function=Module._compile, line=435, method=_compile, native=false, column=10, file=module.js, function=Object.Module._extensions..js, line=442, method=Module._extensions..js, native=false, column=32, file=module.js, function=Module.load, line=356, method=load, native=false, column=12, file=module.js, function=Function.Module._load, line=313, method=Module._load, native=false, column=10, file=module.js, function=Function.Module.runMain, line=467, method=Module.runMain, native=false, column=18, file=node.js, function=startup, line=136, method=null, native=false, column=3, file=node.js, function=null, line=963, method=null, native=false], stack=[SyntaxError: Unexpected identifier,     at exports.runInThisContext (vm.js:53:16),     at Module._compile (module.js:414:25),     at Object.Module._extensions..js (module.js:442:10),     at Module.load (module.js:356:32),     at Function.Module._load (module.js:313:12),     at Module.require (module.js:366:17),     at require (module.js:385:17),     at Object.<anonymous> (d:\dev\sputnik\builder.js:69:21),     at Module._compile (module.js:435:26),     at Object.Module._extensions..js (module.js:442:10),     at Module.load (module.js:356:32),     at Function.Module._load (module.js:313:12),     at Function.Module.runMain (module.js:467:10),     at startup (node.js:136:18),     at node.js:963:3]
2016-01-19T13:31:12.528Z - error: uncaughtException: Unexpected identifier date=Tue Jan 19 2016 19:01:12 GMT+0530 (India Standard Time), pid=11048, uid=null, gid=null, cwd=d:\dev\sputnik, execPath=C:\Program Files\nodejs\node.exe, version=v4.2.4, argv=[C:\Program Files\nodejs\node.exe, d:\dev\sputnik\builder.js], rss=45875200, heapTotal=31168848, heapUsed=15061352, loadavg=[0, 0, 0], uptime=279582.974627, trace=[column=16, file=vm.js, function=exports.runInThisContext, line=53, method=runInThisContext, native=false, column=25, file=module.js, function=Module._compile, line=414, method=_compile, native=false, column=10, file=module.js, function=Object.Module._extensions..js, line=442, method=Module._extensions..js, native=false, column=32, file=module.js, function=Module.load, line=356, method=load, native=false, column=12, file=module.js, function=Function.Module._load, line=313, method=Module._load, native=false, column=17, file=module.js, function=Module.require, line=366, method=require, native=false, column=17, file=module.js, function=require, line=385, method=null, native=false, column=21, file=d:\dev\sputnik\builder.js, function=, line=69, method=null, native=false, column=26, file=module.js, function=Module._compile, line=435, method=_compile, native=false, column=10, file=module.js, function=Object.Module._extensions..js, line=442, method=Module._extensions..js, native=false, column=32, file=module.js, function=Module.load, line=356, method=load, native=false, column=12, file=module.js, function=Function.Module._load, line=313, method=Module._load, native=false, column=10, file=module.js, function=Function.Module.runMain, line=467, method=Module.runMain, native=false, column=18, file=node.js, function=startup, line=136, method=null, native=false, column=3, file=node.js, function=null, line=963, method=null, native=false], stack=[SyntaxError: Unexpected identifier,     at exports.runInThisContext (vm.js:53:16),     at Module._compile (module.js:414:25),     at Object.Module._extensions..js (module.js:442:10),     at Module.load (module.js:356:32),     at Function.Module._load (module.js:313:12),     at Module.require (module.js:366:17),     at require (module.js:385:17),     at Object.<anonymous> (d:\dev\sputnik\builder.js:69:21),     at Module._compile (module.js:435:26),     at Object.Module._extensions..js (module.js:442:10),     at Module.load (module.js:356:32),     at Function.Module._load (module.js:313:12),     at Function.Module.runMain (module.js:467:10),     at startup (node.js:136:18),     at node.js:963:3]
2016-01-19T13:32:15.497Z - error: uncaughtException: Unexpected identifier date=Tue Jan 19 2016 19:02:15 GMT+0530 (India Standard Time), pid=11776, uid=null, gid=null, cwd=d:\dev\sputnik, execPath=C:\Program Files\nodejs\node.exe, version=v4.2.4, argv=[C:\Program Files\nodejs\node.exe, d:\dev\sputnik\builder.js], rss=46456832, heapTotal=31168848, heapUsed=14648640, loadavg=[0, 0, 0], uptime=279645.935627, trace=[column=16, file=vm.js, function=exports.runInThisContext, line=53, method=runInThisContext, native=false, column=25, file=module.js, function=Module._compile, line=414, method=_compile, native=false, column=10, file=module.js, function=Object.Module._extensions..js, line=442, method=Module._extensions..js, native=false, column=32, file=module.js, function=Module.load, line=356, method=load, native=false, column=12, file=module.js, function=Function.Module._load, line=313, method=Module._load, native=false, column=17, file=module.js, function=Module.require, line=366, method=require, native=false, column=17, file=module.js, function=require, line=385, method=null, native=false, column=21, file=d:\dev\sputnik\builder.js, function=, line=69, method=null, native=false, column=26, file=module.js, function=Module._compile, line=435, method=_compile, native=false, column=10, file=module.js, function=Object.Module._extensions..js, line=442, method=Module._extensions..js, native=false, column=32, file=module.js, function=Module.load, line=356, method=load, native=false, column=12, file=module.js, function=Function.Module._load, line=313, method=Module._load, native=false, column=10, file=module.js, function=Function.Module.runMain, line=467, method=Module.runMain, native=false, column=18, file=node.js, function=startup, line=136, method=null, native=false, column=3, file=node.js, function=null, line=963, method=null, native=false], stack=[SyntaxError: Unexpected identifier,     at exports.runInThisContext (vm.js:53:16),     at Module._compile (module.js:414:25),     at Object.Module._extensions..js (module.js:442:10),     at Module.load (module.js:356:32),     at Function.Module._load (module.js:313:12),     at Module.require (module.js:366:17),     at require (module.js:385:17),     at Object.<anonymous> (d:\dev\sputnik\builder.js:69:21),     at Module._compile (module.js:435:26),     at Object.Module._extensions..js (module.js:442:10),     at Module.load (module.js:356:32),     at Function.Module._load (module.js:313:12),     at Function.Module.runMain (module.js:467:10),     at startup (node.js:136:18),     at node.js:963:3]
2016-01-20T17:37:57.385Z - error: uncaughtException: Argument for db name missing date=Wed Jan 20 2016 23:07:57 GMT+0530 (India Standard Time), pid=3680, uid=null, gid=null, cwd=f:\dev\sputnik, execPath=C:\Program Files\nodejs\node.exe, version=v4.2.4, argv=[C:\Program Files\nodejs\node.exe, f:\dev\sputnik\builder.js], rss=45838336, heapTotal=31168848, heapUsed=19871792, loadavg=[0, 0, 0], uptime=373770.8971964, trace=[], stack=undefined
2016-01-20T17:38:45.033Z - error: uncaughtException: Argument for db name missing date=Wed Jan 20 2016 23:08:45 GMT+0530 (India Standard Time), pid=5564, uid=null, gid=null, cwd=f:\dev\sputnik, execPath=C:\Program Files\nodejs\node.exe, version=v4.2.4, argv=[C:\Program Files\nodejs\node.exe, f:\dev\sputnik\builder.js], rss=46018560, heapTotal=32200784, heapUsed=14253848, loadavg=[0, 0, 0], uptime=373818.5455522, trace=[], stack=undefined
2016-01-20T18:34:17.632Z - error: uncaughtException: Missing catch or finally after try date=Thu Jan 21 2016 00:04:17 GMT+0530 (India Standard Time), pid=6136, uid=null, gid=null, cwd=f:\dev\sputnik, execPath=C:\Program Files\nodejs\node.exe, version=v4.2.4, argv=[C:\Program Files\nodejs\node.exe, f:\dev\sputnik\builder.js, hrdmo92, 12313], rss=45637632, heapTotal=32200784, heapUsed=14136096, loadavg=[0, 0, 0], uptime=377151.1404612, trace=[column=16, file=vm.js, function=exports.runInThisContext, line=53, method=runInThisContext, native=false, column=25, file=module.js, function=Module._compile, line=414, method=_compile, native=false, column=10, file=module.js, function=Object.Module._extensions..js, line=442, method=Module._extensions..js, native=false, column=32, file=module.js, function=Module.load, line=356, method=load, native=false, column=12, file=module.js, function=Function.Module._load, line=313, method=Module._load, native=false, column=17, file=module.js, function=Module.require, line=366, method=require, native=false, column=17, file=module.js, function=require, line=385, method=null, native=false, column=21, file=f:\dev\sputnik\builder.js, function=, line=33, method=null, native=false, column=26, file=module.js, function=Module._compile, line=435, method=_compile, native=false, column=10, file=module.js, function=Object.Module._extensions..js, line=442, method=Module._extensions..js, native=false, column=32, file=module.js, function=Module.load, line=356, method=load, native=false, column=12, file=module.js, function=Function.Module._load, line=313, method=Module._load, native=false, column=10, file=module.js, function=Function.Module.runMain, line=467, method=Module.runMain, native=false, column=18, file=node.js, function=startup, line=136, method=null, native=false, column=3, file=node.js, function=null, line=963, method=null, native=false], stack=[SyntaxError: Missing catch or finally after try,     at exports.runInThisContext (vm.js:53:16),     at Module._compile (module.js:414:25),     at Object.Module._extensions..js (module.js:442:10),     at Module.load (module.js:356:32),     at Function.Module._load (module.js:313:12),     at Module.require (module.js:366:17),     at require (module.js:385:17),     at Object.<anonymous> (f:\dev\sputnik\builder.js:33:21),     at Module._compile (module.js:435:26),     at Object.Module._extensions..js (module.js:442:10),     at Module.load (module.js:356:32),     at Function.Module._load (module.js:313:12),     at Function.Module.runMain (module.js:467:10),     at startup (node.js:136:18),     at node.js:963:3]
2016-01-20T18:35:54.239Z - error: uncaughtException: Missing catch or finally after try date=Thu Jan 21 2016 00:05:54 GMT+0530 (India Standard Time), pid=5284, uid=null, gid=null, cwd=f:\dev\sputnik, execPath=C:\Program Files\nodejs\node.exe, version=v4.2.4, argv=[C:\Program Files\nodejs\node.exe, f:\dev\sputnik\builder.js, hrdmo92, 12313], rss=44240896, heapTotal=31168848, heapUsed=14965952, loadavg=[0, 0, 0], uptime=377247.7449401, trace=[column=16, file=vm.js, function=exports.runInThisContext, line=53, method=runInThisContext, native=false, column=25, file=module.js, function=Module._compile, line=414, method=_compile, native=false, column=10, file=module.js, function=Object.Module._extensions..js, line=442, method=Module._extensions..js, native=false, column=32, file=module.js, function=Module.load, line=356, method=load, native=false, column=12, file=module.js, function=Function.Module._load, line=313, method=Module._load, native=false, column=17, file=module.js, function=Module.require, line=366, method=require, native=false, column=17, file=module.js, function=require, line=385, method=null, native=false, column=21, file=f:\dev\sputnik\builder.js, function=, line=33, method=null, native=false, column=26, file=module.js, function=Module._compile, line=435, method=_compile, native=false, column=10, file=module.js, function=Object.Module._extensions..js, line=442, method=Module._extensions..js, native=false, column=32, file=module.js, function=Module.load, line=356, method=load, native=false, column=12, file=module.js, function=Function.Module._load, line=313, method=Module._load, native=false, column=10, file=module.js, function=Function.Module.runMain, line=467, method=Module.runMain, native=false, column=18, file=node.js, function=startup, line=136, method=null, native=false, column=3, file=node.js, function=null, line=963, method=null, native=false], stack=[SyntaxError: Missing catch or finally after try,     at exports.runInThisContext (vm.js:53:16),     at Module._compile (module.js:414:25),     at Object.Module._extensions..js (module.js:442:10),     at Module.load (module.js:356:32),     at Function.Module._load (module.js:313:12),     at Module.require (module.js:366:17),     at require (module.js:385:17),     at Object.<anonymous> (f:\dev\sputnik\builder.js:33:21),     at Module._compile (module.js:435:26),     at Object.Module._extensions..js (module.js:442:10),     at Module.load (module.js:356:32),     at Function.Module._load (module.js:313:12),     at Function.Module.runMain (module.js:467:10),     at startup (node.js:136:18),     at node.js:963:3]
2016-01-20T18:36:30.403Z - error: uncaughtException: Missing catch or finally after try date=Thu Jan 21 2016 00:06:30 GMT+0530 (India Standard Time), pid=560, uid=null, gid=null, cwd=f:\dev\sputnik, execPath=C:\Program Files\nodejs\node.exe, version=v4.2.4, argv=[C:\Program Files\nodejs\node.exe, f:\dev\sputnik\builder.js, hrdmo92, 12313], rss=45350912, heapTotal=31168848, heapUsed=13800944, loadavg=[0, 0, 0], uptime=377283.908662, trace=[column=16, file=vm.js, function=exports.runInThisContext, line=53, method=runInThisContext, native=false, column=25, file=module.js, function=Module._compile, line=414, method=_compile, native=false, column=10, file=module.js, function=Object.Module._extensions..js, line=442, method=Module._extensions..js, native=false, column=32, file=module.js, function=Module.load, line=356, method=load, native=false, column=12, file=module.js, function=Function.Module._load, line=313, method=Module._load, native=false, column=17, file=module.js, function=Module.require, line=366, method=require, native=false, column=17, file=module.js, function=require, line=385, method=null, native=false, column=21, file=f:\dev\sputnik\builder.js, function=, line=33, method=null, native=false, column=26, file=module.js, function=Module._compile, line=435, method=_compile, native=false, column=10, file=module.js, function=Object.Module._extensions..js, line=442, method=Module._extensions..js, native=false, column=32, file=module.js, function=Module.load, line=356, method=load, native=false, column=12, file=module.js, function=Function.Module._load, line=313, method=Module._load, native=false, column=10, file=module.js, function=Function.Module.runMain, line=467, method=Module.runMain, native=false, column=18, file=node.js, function=startup, line=136, method=null, native=false, column=3, file=node.js, function=null, line=963, method=null, native=false], stack=[SyntaxError: Missing catch or finally after try,     at exports.runInThisContext (vm.js:53:16),     at Module._compile (module.js:414:25),     at Object.Module._extensions..js (module.js:442:10),     at Module.load (module.js:356:32),     at Function.Module._load (module.js:313:12),     at Module.require (module.js:366:17),     at require (module.js:385:17),     at Object.<anonymous> (f:\dev\sputnik\builder.js:33:21),     at Module._compile (module.js:435:26),     at Object.Module._extensions..js (module.js:442:10),     at Module.load (module.js:356:32),     at Function.Module._load (module.js:313:12),     at Function.Module.runMain (module.js:467:10),     at startup (node.js:136:18),     at node.js:963:3]
2016-01-20T18:37:24.667Z - error: uncaughtException: Unexpected token ) date=Thu Jan 21 2016 00:07:24 GMT+0530 (India Standard Time), pid=3236, uid=null, gid=null, cwd=f:\dev\sputnik, execPath=C:\Program Files\nodejs\node.exe, version=v4.2.4, argv=[C:\Program Files\nodejs\node.exe, f:\dev\sputnik\builder.js, hrdmo92, 12313], rss=45768704, heapTotal=31168848, heapUsed=19753344, loadavg=[0, 0, 0], uptime=377338.171569, trace=[column=16, file=vm.js, function=exports.runInThisContext, line=53, method=runInThisContext, native=false, column=25, file=module.js, function=Module._compile, line=414, method=_compile, native=false, column=10, file=module.js, function=Object.Module._extensions..js, line=442, method=Module._extensions..js, native=false, column=32, file=module.js, function=Module.load, line=356, method=load, native=false, column=12, file=module.js, function=Function.Module._load, line=313, method=Module._load, native=false, column=17, file=module.js, function=Module.require, line=366, method=require, native=false, column=17, file=module.js, function=require, line=385, method=null, native=false, column=21, file=f:\dev\sputnik\builder.js, function=, line=33, method=null, native=false, column=26, file=module.js, function=Module._compile, line=435, method=_compile, native=false, column=10, file=module.js, function=Object.Module._extensions..js, line=442, method=Module._extensions..js, native=false, column=32, file=module.js, function=Module.load, line=356, method=load, native=false, column=12, file=module.js, function=Function.Module._load, line=313, method=Module._load, native=false, column=10, file=module.js, function=Function.Module.runMain, line=467, method=Module.runMain, native=false, column=18, file=node.js, function=startup, line=136, method=null, native=false, column=3, file=node.js, function=null, line=963, method=null, native=false], stack=[SyntaxError: Unexpected token ),     at exports.runInThisContext (vm.js:53:16),     at Module._compile (module.js:414:25),     at Object.Module._extensions..js (module.js:442:10),     at Module.load (module.js:356:32),     at Function.Module._load (module.js:313:12),     at Module.require (module.js:366:17),     at require (module.js:385:17),     at Object.<anonymous> (f:\dev\sputnik\builder.js:33:21),     at Module._compile (module.js:435:26),     at Object.Module._extensions..js (module.js:442:10),     at Module.load (module.js:356:32),     at Function.Module._load (module.js:313:12),     at Function.Module.runMain (module.js:467:10),     at startup (node.js:136:18),     at node.js:963:3]
2016-01-20T18:37:52.924Z - error: uncaughtException: Invalid regular expression: missing / date=Thu Jan 21 2016 00:07:52 GMT+0530 (India Standard Time), pid=440, uid=null, gid=null, cwd=f:\dev\sputnik, execPath=C:\Program Files\nodejs\node.exe, version=v4.2.4, argv=[C:\Program Files\nodejs\node.exe, f:\dev\sputnik\builder.js, hrdmo92, 12313], rss=45772800, heapTotal=31168848, heapUsed=19736408, loadavg=[0, 0, 0], uptime=377366.4313144, trace=[column=16, file=vm.js, function=exports.runInThisContext, line=53, method=runInThisContext, native=false, column=25, file=module.js, function=Module._compile, line=414, method=_compile, native=false, column=10, file=module.js, function=Object.Module._extensions..js, line=442, method=Module._extensions..js, native=false, column=32, file=module.js, function=Module.load, line=356, method=load, native=false, column=12, file=module.js, function=Function.Module._load, line=313, method=Module._load, native=false, column=17, file=module.js, function=Module.require, line=366, method=require, native=false, column=17, file=module.js, function=require, line=385, method=null, native=false, column=21, file=f:\dev\sputnik\builder.js, function=, line=33, method=null, native=false, column=26, file=module.js, function=Module._compile, line=435, method=_compile, native=false, column=10, file=module.js, function=Object.Module._extensions..js, line=442, method=Module._extensions..js, native=false, column=32, file=module.js, function=Module.load, line=356, method=load, native=false, column=12, file=module.js, function=Function.Module._load, line=313, method=Module._load, native=false, column=10, file=module.js, function=Function.Module.runMain, line=467, method=Module.runMain, native=false, column=18, file=node.js, function=startup, line=136, method=null, native=false, column=3, file=node.js, function=null, line=963, method=null, native=false], stack=[SyntaxError: Invalid regular expression: missing /,     at exports.runInThisContext (vm.js:53:16),     at Module._compile (module.js:414:25),     at Object.Module._extensions..js (module.js:442:10),     at Module.load (module.js:356:32),     at Function.Module._load (module.js:313:12),     at Module.require (module.js:366:17),     at require (module.js:385:17),     at Object.<anonymous> (f:\dev\sputnik\builder.js:33:21),     at Module._compile (module.js:435:26),     at Object.Module._extensions..js (module.js:442:10),     at Module.load (module.js:356:32),     at Function.Module._load (module.js:313:12),     at Function.Module.runMain (module.js:467:10),     at startup (node.js:136:18),     at node.js:963:3]
2016-01-20T18:51:13.561Z - error: uncaughtException: Unexpected token } date=Thu Jan 21 2016 00:21:13 GMT+0530 (India Standard Time), pid=6424, uid=null, gid=null, cwd=f:\dev\sputnik, execPath=C:\Program Files\nodejs\node.exe, version=v4.2.4, argv=[C:\Program Files\nodejs\node.exe, f:\dev\sputnik\builder.js, hrdmo92, 12313], rss=44802048, heapTotal=32200784, heapUsed=14904888, loadavg=[0, 0, 0], uptime=378167.0657914, trace=[column=16, file=vm.js, function=exports.runInThisContext, line=53, method=runInThisContext, native=false, column=25, file=module.js, function=Module._compile, line=414, method=_compile, native=false, column=10, file=module.js, function=Object.Module._extensions..js, line=442, method=Module._extensions..js, native=false, column=32, file=module.js, function=Module.load, line=356, method=load, native=false, column=12, file=module.js, function=Function.Module._load, line=313, method=Module._load, native=false, column=17, file=module.js, function=Module.require, line=366, method=require, native=false, column=17, file=module.js, function=require, line=385, method=null, native=false, column=21, file=f:\dev\sputnik\builder.js, function=, line=33, method=null, native=false, column=26, file=module.js, function=Module._compile, line=435, method=_compile, native=false, column=10, file=module.js, function=Object.Module._extensions..js, line=442, method=Module._extensions..js, native=false, column=32, file=module.js, function=Module.load, line=356, method=load, native=false, column=12, file=module.js, function=Function.Module._load, line=313, method=Module._load, native=false, column=10, file=module.js, function=Function.Module.runMain, line=467, method=Module.runMain, native=false, column=18, file=node.js, function=startup, line=136, method=null, native=false, column=3, file=node.js, function=null, line=963, method=null, native=false], stack=[SyntaxError: Unexpected token },     at exports.runInThisContext (vm.js:53:16),     at Module._compile (module.js:414:25),     at Object.Module._extensions..js (module.js:442:10),     at Module.load (module.js:356:32),     at Function.Module._load (module.js:313:12),     at Module.require (module.js:366:17),     at require (module.js:385:17),     at Object.<anonymous> (f:\dev\sputnik\builder.js:33:21),     at Module._compile (module.js:435:26),     at Object.Module._extensions..js (module.js:442:10),     at Module.load (module.js:356:32),     at Function.Module._load (module.js:313:12),     at Function.Module.runMain (module.js:467:10),     at startup (node.js:136:18),     at node.js:963:3]
2016-01-20T19:07:18.006Z - error: uncaughtException: Unexpected token this date=Thu Jan 21 2016 00:37:17 GMT+0530 (India Standard Time), pid=5508, uid=null, gid=null, cwd=f:\dev\sputnik, execPath=C:\Program Files\nodejs\node.exe, version=v4.2.4, argv=[C:\Program Files\nodejs\node.exe, f:\dev\sputnik\builder.js, hrdmo92, 12313], rss=44707840, heapTotal=32200784, heapUsed=15061472, loadavg=[0, 0, 0], uptime=379131.5127389, trace=[column=16, file=vm.js, function=exports.runInThisContext, line=53, method=runInThisContext, native=false, column=25, file=module.js, function=Module._compile, line=414, method=_compile, native=false, column=10, file=module.js, function=Object.Module._extensions..js, line=442, method=Module._extensions..js, native=false, column=32, file=module.js, function=Module.load, line=356, method=load, native=false, column=12, file=module.js, function=Function.Module._load, line=313, method=Module._load, native=false, column=17, file=module.js, function=Module.require, line=366, method=require, native=false, column=17, file=module.js, function=require, line=385, method=null, native=false, column=21, file=f:\dev\sputnik\builder.js, function=, line=33, method=null, native=false, column=26, file=module.js, function=Module._compile, line=435, method=_compile, native=false, column=10, file=module.js, function=Object.Module._extensions..js, line=442, method=Module._extensions..js, native=false, column=32, file=module.js, function=Module.load, line=356, method=load, native=false, column=12, file=module.js, function=Function.Module._load, line=313, method=Module._load, native=false, column=10, file=module.js, function=Function.Module.runMain, line=467, method=Module.runMain, native=false, column=18, file=node.js, function=startup, line=136, method=null, native=false, column=3, file=node.js, function=null, line=963, method=null, native=false], stack=[SyntaxError: Unexpected token this,     at exports.runInThisContext (vm.js:53:16),     at Module._compile (module.js:414:25),     at Object.Module._extensions..js (module.js:442:10),     at Module.load (module.js:356:32),     at Function.Module._load (module.js:313:12),     at Module.require (module.js:366:17),     at require (module.js:385:17),     at Object.<anonymous> (f:\dev\sputnik\builder.js:33:21),     at Module._compile (module.js:435:26),     at Object.Module._extensions..js (module.js:442:10),     at Module.load (module.js:356:32),     at Function.Module._load (module.js:313:12),     at Function.Module.runMain (module.js:467:10),     at startup (node.js:136:18),     at node.js:963:3]
2016-01-20T19:07:53.677Z - error: uncaughtException: Missing catch or finally after try date=Thu Jan 21 2016 00:37:53 GMT+0530 (India Standard Time), pid=6224, uid=null, gid=null, cwd=f:\dev\sputnik, execPath=C:\Program Files\nodejs\node.exe, version=v4.2.4, argv=[C:\Program Files\nodejs\node.exe, f:\dev\sputnik\builder.js, hrdmo92, 12313], rss=44199936, heapTotal=31168848, heapUsed=15532168, loadavg=[0, 0, 0], uptime=379167.1842445, trace=[column=16, file=vm.js, function=exports.runInThisContext, line=53, method=runInThisContext, native=false, column=25, file=module.js, function=Module._compile, line=414, method=_compile, native=false, column=10, file=module.js, function=Object.Module._extensions..js, line=442, method=Module._extensions..js, native=false, column=32, file=module.js, function=Module.load, line=356, method=load, native=false, column=12, file=module.js, function=Function.Module._load, line=313, method=Module._load, native=false, column=17, file=module.js, function=Module.require, line=366, method=require, native=false, column=17, file=module.js, function=require, line=385, method=null, native=false, column=21, file=f:\dev\sputnik\builder.js, function=, line=33, method=null, native=false, column=26, file=module.js, function=Module._compile, line=435, method=_compile, native=false, column=10, file=module.js, function=Object.Module._extensions..js, line=442, method=Module._extensions..js, native=false, column=32, file=module.js, function=Module.load, line=356, method=load, native=false, column=12, file=module.js, function=Function.Module._load, line=313, method=Module._load, native=false, column=10, file=module.js, function=Function.Module.runMain, line=467, method=Module.runMain, native=false, column=18, file=node.js, function=startup, line=136, method=null, native=false, column=3, file=node.js, function=null, line=963, method=null, native=false], stack=[SyntaxError: Missing catch or finally after try,     at exports.runInThisContext (vm.js:53:16),     at Module._compile (module.js:414:25),     at Object.Module._extensions..js (module.js:442:10),     at Module.load (module.js:356:32),     at Function.Module._load (module.js:313:12),     at Module.require (module.js:366:17),     at require (module.js:385:17),     at Object.<anonymous> (f:\dev\sputnik\builder.js:33:21),     at Module._compile (module.js:435:26),     at Object.Module._extensions..js (module.js:442:10),     at Module.load (module.js:356:32),     at Function.Module._load (module.js:313:12),     at Function.Module.runMain (module.js:467:10),     at startup (node.js:136:18),     at node.js:963:3]
2016-01-20T19:10:37.032Z - error: uncaughtException: Unexpected token this date=Thu Jan 21 2016 00:40:37 GMT+0530 (India Standard Time), pid=4704, uid=null, gid=null, cwd=f:\dev\sputnik, execPath=C:\Program Files\nodejs\node.exe, version=v4.2.4, argv=[C:\Program Files\nodejs\node.exe, f:\dev\sputnik\builder.js, hrdmo92, 12313], rss=45342720, heapTotal=32200784, heapUsed=14137120, loadavg=[0, 0, 0], uptime=379330.5360084, trace=[column=16, file=vm.js, function=exports.runInThisContext, line=53, method=runInThisContext, native=false, column=25, file=module.js, function=Module._compile, line=414, method=_compile, native=false, column=10, file=module.js, function=Object.Module._extensions..js, line=442, method=Module._extensions..js, native=false, column=32, file=module.js, function=Module.load, line=356, method=load, native=false, column=12, file=module.js, function=Function.Module._load, line=313, method=Module._load, native=false, column=17, file=module.js, function=Module.require, line=366, method=require, native=false, column=17, file=module.js, function=require, line=385, method=null, native=false, column=21, file=f:\dev\sputnik\builder.js, function=, line=33, method=null, native=false, column=26, file=module.js, function=Module._compile, line=435, method=_compile, native=false, column=10, file=module.js, function=Object.Module._extensions..js, line=442, method=Module._extensions..js, native=false, column=32, file=module.js, function=Module.load, line=356, method=load, native=false, column=12, file=module.js, function=Function.Module._load, line=313, method=Module._load, native=false, column=10, file=module.js, function=Function.Module.runMain, line=467, method=Module.runMain, native=false, column=18, file=node.js, function=startup, line=136, method=null, native=false, column=3, file=node.js, function=null, line=963, method=null, native=false], stack=[SyntaxError: Unexpected token this,     at exports.runInThisContext (vm.js:53:16),     at Module._compile (module.js:414:25),     at Object.Module._extensions..js (module.js:442:10),     at Module.load (module.js:356:32),     at Function.Module._load (module.js:313:12),     at Module.require (module.js:366:17),     at require (module.js:385:17),     at Object.<anonymous> (f:\dev\sputnik\builder.js:33:21),     at Module._compile (module.js:435:26),     at Object.Module._extensions..js (module.js:442:10),     at Module.load (module.js:356:32),     at Function.Module._load (module.js:313:12),     at Function.Module.runMain (module.js:467:10),     at startup (node.js:136:18),     at node.js:963:3]
2016-01-21T18:06:01.491Z - error: uncaughtException: Unexpected token ) date=Thu Jan 21 2016 23:36:01 GMT+0530 (India Standard Time), pid=3108, uid=null, gid=null, cwd=f:\dev\sputnik, execPath=C:\Program Files\nodejs\node.exe, version=v4.2.4, argv=[C:\Program Files\nodejs\node.exe, f:\dev\sputnik\builder.js], rss=44859392, heapTotal=32200784, heapUsed=15020016, loadavg=[0, 0, 0], uptime=461854.9968299, trace=[column=16, file=vm.js, function=exports.runInThisContext, line=53, method=runInThisContext, native=false, column=25, file=module.js, function=Module._compile, line=414, method=_compile, native=false, column=10, file=module.js, function=Object.Module._extensions..js, line=442, method=Module._extensions..js, native=false, column=32, file=module.js, function=Module.load, line=356, method=load, native=false, column=12, file=module.js, function=Function.Module._load, line=313, method=Module._load, native=false, column=17, file=module.js, function=Module.require, line=366, method=require, native=false, column=17, file=module.js, function=require, line=385, method=null, native=false, column=21, file=f:\dev\sputnik\builder.js, function=, line=33, method=null, native=false, column=26, file=module.js, function=Module._compile, line=435, method=_compile, native=false, column=10, file=module.js, function=Object.Module._extensions..js, line=442, method=Module._extensions..js, native=false, column=32, file=module.js, function=Module.load, line=356, method=load, native=false, column=12, file=module.js, function=Function.Module._load, line=313, method=Module._load, native=false, column=10, file=module.js, function=Function.Module.runMain, line=467, method=Module.runMain, native=false, column=18, file=node.js, function=startup, line=136, method=null, native=false, column=3, file=node.js, function=null, line=963, method=null, native=false], stack=[SyntaxError: Unexpected token ),     at exports.runInThisContext (vm.js:53:16),     at Module._compile (module.js:414:25),     at Object.Module._extensions..js (module.js:442:10),     at Module.load (module.js:356:32),     at Function.Module._load (module.js:313:12),     at Module.require (module.js:366:17),     at require (module.js:385:17),     at Object.<anonymous> (f:\dev\sputnik\builder.js:33:21),     at Module._compile (module.js:435:26),     at Object.Module._extensions..js (module.js:442:10),     at Module.load (module.js:356:32),     at Function.Module._load (module.js:313:12),     at Function.Module.runMain (module.js:467:10),     at startup (node.js:136:18),     at node.js:963:3]
2016-02-08T10:17:54.492Z - error: uncaughtException: EPERM: operation not permitted, stat 'D:\dev\sputnik\utils\debug.log' date=Mon Feb 08 2016 15:47:54 GMT+0530 (India Standard Time), pid=17344, uid=null, gid=null, cwd=D:\dev\sputnik, execPath=C:\Program Files\nodejs\node.exe, version=v4.2.4, argv=[C:\Program Files\nodejs\node.exe, D:\dev\sputnik\builder.js, HR92U013, mydb6], rss=46628864, heapTotal=32200784, heapUsed=15454736, loadavg=[0, 0, 0], uptime=779477.505427, trace=[column=null, file=null, function=Error, line=null, method=null, native=true], stack=[Error: EPERM: operation not permitted, stat 'D:\dev\sputnik\utils\debug.log',     at Error (native)]
2016-02-08T10:19:09.997Z - error: uncaughtException: EPERM: operation not permitted, stat 'D:\dev\sputnik\utils\debug.log' date=Mon Feb 08 2016 15:49:09 GMT+0530 (India Standard Time), pid=3524, uid=null, gid=null, cwd=D:\dev\sputnik, execPath=C:\Program Files\nodejs\node.exe, version=v4.2.4, argv=[C:\Program Files\nodejs\node.exe, D:\dev\sputnik\builder.js, HR92U013, mydb6], rss=46903296, heapTotal=32200784, heapUsed=15154024, loadavg=[0, 0, 0], uptime=779553.009427, trace=[column=null, file=null, function=Error, line=null, method=null, native=true], stack=[Error: EPERM: operation not permitted, stat 'D:\dev\sputnik\utils\debug.log',     at Error (native)]
2016-02-08T15:52:11.544Z - error: uncaughtException: NJS-006: invalid type for parameter 1 date=Mon Feb 08 2016 21:22:11 GMT+0530 (India Standard Time), pid=16460, uid=null, gid=null, cwd=D:\dev\sputnik, execPath=C:\Program Files\nodejs\node.exe, version=v4.2.4, argv=[C:\Program Files\nodejs\node.exe, D:\dev\sputnik\builder.js, HR92U013, mydb6], rss=46997504, heapTotal=31168848, heapUsed=15333744, loadavg=[0, 0, 0], uptime=799534.5572891, trace=[column=null, file=null, function=Error, line=null, method=null, native=true], stack=[Error: NJS-006: invalid type for parameter 1,     at Error (native)]
2016-02-08T16:00:49.690Z - error: uncaughtException: NJS-006: invalid type for parameter 1 date=Mon Feb 08 2016 21:30:49 GMT+0530 (India Standard Time), pid=15468, uid=null, gid=null, cwd=D:\dev\sputnik, execPath=C:\Program Files\nodejs\node.exe, version=v4.2.4, argv=[C:\Program Files\nodejs\node.exe, D:\dev\sputnik\builder.js, HR92U013, mydb6], rss=46972928, heapTotal=31168848, heapUsed=15319040, loadavg=[0, 0, 0], uptime=800052.7022325, trace=[column=null, file=null, function=Error, line=null, method=null, native=true], stack=[Error: NJS-006: invalid type for parameter 1,     at Error (native)]
2016-02-08T16:01:57.300Z - error: uncaughtException: NJS-006: invalid type for parameter 1 date=Mon Feb 08 2016 21:31:57 GMT+0530 (India Standard Time), pid=17092, uid=null, gid=null, cwd=D:\dev\sputnik, execPath=C:\Program Files\nodejs\node.exe, version=v4.2.4, argv=[C:\Program Files\nodejs\node.exe, D:\dev\sputnik\builder.js, HR92U013, mydb6], rss=46940160, heapTotal=31168848, heapUsed=15320104, loadavg=[0, 0, 0], uptime=800120.313252, trace=[column=null, file=null, function=Error, line=null, method=null, native=true], stack=[Error: NJS-006: invalid type for parameter 1,     at Error (native)]
2016-02-08T16:04:11.343Z - error: uncaughtException: NJS-006: invalid type for parameter 1 date=Mon Feb 08 2016 21:34:11 GMT+0530 (India Standard Time), pid=12328, uid=null, gid=null, cwd=D:\dev\sputnik, execPath=C:\Program Files\nodejs\node.exe, version=v4.2.4, argv=[C:\Program Files\nodejs\node.exe, D:\dev\sputnik\builder.js, HR92U013, mydb6], rss=48508928, heapTotal=32188752, heapUsed=20472792, loadavg=[0, 0, 0], uptime=800254.3560552, trace=[column=null, file=null, function=Error, line=null, method=null, native=true], stack=[Error: NJS-006: invalid type for parameter 1,     at Error (native)]
2016-02-08T16:06:51.709Z - error: uncaughtException: NJS-006: invalid type for parameter 1 date=Mon Feb 08 2016 21:36:51 GMT+0530 (India Standard Time), pid=16400, uid=null, gid=null, cwd=D:\dev\sputnik, execPath=C:\Program Files\nodejs\node.exe, version=v4.2.4, argv=[C:\Program Files\nodejs\node.exe, D:\dev\sputnik\builder.js, HR92U013, mydb6], rss=48484352, heapTotal=32188752, heapUsed=20436392, loadavg=[0, 0, 0], uptime=800414.722122, trace=[column=null, file=null, function=Error, line=null, method=null, native=true], stack=[Error: NJS-006: invalid type for parameter 1,     at Error (native)]
2016-02-08T16:08:05.955Z - error: uncaughtException: NJS-006: invalid type for parameter 1 date=Mon Feb 08 2016 21:38:05 GMT+0530 (India Standard Time), pid=9380, uid=null, gid=null, cwd=D:\dev\sputnik, execPath=C:\Program Files\nodejs\node.exe, version=v4.2.4, argv=[C:\Program Files\nodejs\node.exe, D:\dev\sputnik\builder.js, HR92U013, mydb6], rss=48680960, heapTotal=32188752, heapUsed=20455552, loadavg=[0, 0, 0], uptime=800488.9679682, trace=[column=null, file=null, function=Error, line=null, method=null, native=true], stack=[Error: NJS-006: invalid type for parameter 1,     at Error (native)]
2016-02-08T16:09:25.044Z - error: uncaughtException: NJS-006: invalid type for parameter 1 date=Mon Feb 08 2016 21:39:25 GMT+0530 (India Standard Time), pid=16468, uid=null, gid=null, cwd=D:\dev\sputnik, execPath=C:\Program Files\nodejs\node.exe, version=v4.2.4, argv=[C:\Program Files\nodejs\node.exe, D:\dev\sputnik\builder.js, HR92U013, mydb6], rss=48676864, heapTotal=32188752, heapUsed=20470352, loadavg=[0, 0, 0], uptime=800568.057783, trace=[column=null, file=null, function=Error, line=null, method=null, native=true], stack=[Error: NJS-006: invalid type for parameter 1,     at Error (native)]
2016-02-08T16:10:03.302Z - error: uncaughtException: NJS-006: invalid type for parameter 1 date=Mon Feb 08 2016 21:40:03 GMT+0530 (India Standard Time), pid=17380, uid=null, gid=null, cwd=D:\dev\sputnik, execPath=C:\Program Files\nodejs\node.exe, version=v4.2.4, argv=[C:\Program Files\nodejs\node.exe, D:\dev\sputnik\builder.js, HR92U013, mydb6], rss=48754688, heapTotal=32188752, heapUsed=20467624, loadavg=[0, 0, 0], uptime=800606.315433, trace=[column=null, file=null, function=Error, line=null, method=null, native=true], stack=[Error: NJS-006: invalid type for parameter 1,     at Error (native)]
2016-02-08T16:25:27.086Z - error: uncaughtException: dbName.toLower is not a function date=Mon Feb 08 2016 21:55:27 GMT+0530 (India Standard Time), pid=7256, uid=null, gid=null, cwd=D:\dev\sputnik, execPath=C:\Program Files\nodejs\node.exe, version=v4.2.4, argv=[C:\Program Files\nodejs\node.exe, D:\dev\sputnik\builder.js, HR92U013, mydb6], rss=48111616, heapTotal=32188752, heapUsed=20241704, loadavg=[0, 0, 0], uptime=801530.0981722, trace=[column=41, file=D:\dev\sputnik\sqlEngine.js, function=null, line=33, method=null, native=false, column=4, file=D:\dev\sputnik\sqlEngine.js, function=null, line=25, method=null, native=false, column=2, file=D:\dev\sputnik\jsonparser.js, function=null, line=13, method=null, native=false, column=3, file=fs.js, function=FSReqWrap.readFileAfterClose [as oncomplete], line=380, method=readFileAfterClose [as oncomplete], native=false], stack=[TypeError: dbName.toLower is not a function,     at D:\dev\sputnik\sqlEngine.js:33:41,     at D:\dev\sputnik\sqlEngine.js:25:4,     at D:\dev\sputnik\jsonparser.js:13:2,     at FSReqWrap.readFileAfterClose [as oncomplete] (fs.js:380:3)]
2016-02-09T16:55:23.652Z - error: uncaughtException: Unexpected token { date=Tue Feb 09 2016 22:25:23 GMT+0530 (India Standard Time), pid=14464, uid=null, gid=null, cwd=D:\dev\sputnik, execPath=C:\Program Files\nodejs\node.exe, version=v4.2.4, argv=[C:\Program Files\nodejs\node.exe, D:\dev\sputnik\builder.js, HR92U013, mydb6], rss=46690304, heapTotal=32200784, heapUsed=14599768, loadavg=[0, 0, 0], uptime=835298.244512, trace=[column=16, file=vm.js, function=exports.runInThisContext, line=53, method=runInThisContext, native=false, column=25, file=module.js, function=Module._compile, line=414, method=_compile, native=false, column=10, file=module.js, function=Object.Module._extensions..js, line=442, method=Module._extensions..js, native=false, column=32, file=module.js, function=Module.load, line=356, method=load, native=false, column=12, file=module.js, function=Function.Module._load, line=313, method=Module._load, native=false, column=17, file=module.js, function=Module.require, line=366, method=require, native=false, column=17, file=module.js, function=require, line=385, method=null, native=false, column=21, file=D:\dev\sputnik\builder.js, function=, line=33, method=null, native=false, column=26, file=module.js, function=Module._compile, line=435, method=_compile, native=false, column=10, file=module.js, function=Object.Module._extensions..js, line=442, method=Module._extensions..js, native=false, column=32, file=module.js, function=Module.load, line=356, method=load, native=false, column=12, file=module.js, function=Function.Module._load, line=313, method=Module._load, native=false, column=10, file=module.js, function=Function.Module.runMain, line=467, method=Module.runMain, native=false, column=18, file=node.js, function=startup, line=136, method=null, native=false, column=3, file=node.js, function=null, line=963, method=null, native=false], stack=[SyntaxError: Unexpected token {,     at exports.runInThisContext (vm.js:53:16),     at Module._compile (module.js:414:25),     at Object.Module._extensions..js (module.js:442:10),     at Module.load (module.js:356:32),     at Function.Module._load (module.js:313:12),     at Module.require (module.js:366:17),     at require (module.js:385:17),     at Object.<anonymous> (D:\dev\sputnik\builder.js:33:21),     at Module._compile (module.js:435:26),     at Object.Module._extensions..js (module.js:442:10),     at Module.load (module.js:356:32),     at Function.Module._load (module.js:313:12),     at Function.Module.runMain (module.js:467:10),     at startup (node.js:136:18),     at node.js:963:3]
2016-02-09T18:34:51.569Z - error: uncaughtException: Unexpected token . date=Wed Feb 10 2016 00:04:51 GMT+0530 (India Standard Time), pid=16216, uid=null, gid=null, cwd=D:\dev\sputnik, execPath=C:\Program Files\nodejs\node.exe, version=v4.2.4, argv=[C:\Program Files\nodejs\node.exe, D:\dev\sputnik\builder.js, HR92U013, mydb6], rss=46559232, heapTotal=31168848, heapUsed=14597896, loadavg=[0, 0, 0], uptime=841266.1653417, trace=[column=16, file=vm.js, function=exports.runInThisContext, line=53, method=runInThisContext, native=false, column=25, file=module.js, function=Module._compile, line=414, method=_compile, native=false, column=10, file=module.js, function=Object.Module._extensions..js, line=442, method=Module._extensions..js, native=false, column=32, file=module.js, function=Module.load, line=356, method=load, native=false, column=12, file=module.js, function=Function.Module._load, line=313, method=Module._load, native=false, column=17, file=module.js, function=Module.require, line=366, method=require, native=false, column=17, file=module.js, function=require, line=385, method=null, native=false, column=21, file=D:\dev\sputnik\builder.js, function=, line=33, method=null, native=false, column=26, file=module.js, function=Module._compile, line=435, method=_compile, native=false, column=10, file=module.js, function=Object.Module._extensions..js, line=442, method=Module._extensions..js, native=false, column=32, file=module.js, function=Module.load, line=356, method=load, native=false, column=12, file=module.js, function=Function.Module._load, line=313, method=Module._load, native=false, column=10, file=module.js, function=Function.Module.runMain, line=467, method=Module.runMain, native=false, column=18, file=node.js, function=startup, line=136, method=null, native=false, column=3, file=node.js, function=null, line=963, method=null, native=false], stack=[SyntaxError: Unexpected token .,     at exports.runInThisContext (vm.js:53:16),     at Module._compile (module.js:414:25),     at Object.Module._extensions..js (module.js:442:10),     at Module.load (module.js:356:32),     at Function.Module._load (module.js:313:12),     at Module.require (module.js:366:17),     at require (module.js:385:17),     at Object.<anonymous> (D:\dev\sputnik\builder.js:33:21),     at Module._compile (module.js:435:26),     at Object.Module._extensions..js (module.js:442:10),     at Module.load (module.js:356:32),     at Function.Module._load (module.js:313:12),     at Function.Module.runMain (module.js:467:10),     at startup (node.js:136:18),     at node.js:963:3]
